This is pdfTeX, Version 3.14159265-2.6-1.40.17 (MiKTeX 2.9.6210 64-bit) (preloaded format=pdflatex 2017.2.1)  1 FEB 2017 13:06
entering extended mode
**./sample_of_journal_paper.tex
(sample_of_journal_paper.tex
LaTeX2e <2017/01/01> patch level 1
Babel <3.9r> and hyphenation patterns for 75 language(s) loaded.
("C:\Program Files\MiKTeX 2.9\tex\latex\elsarticle\elsarticle.cls"
Document Class: elsarticle 2009/09/17, 1.2.0: Elsevier Ltd
\@bls=\dimen102
("C:\Program Files\MiKTeX 2.9\tex\latex\base\article.cls"
Document Class: article 2014/09/29 v1.4h Standard LaTeX document class
("C:\Program Files\MiKTeX 2.9\tex\latex\base\size10.clo"
File: size10.clo 2014/09/29 v1.4h Standard LaTeX file (size option)
)
\c@part=\count79
\c@section=\count80
\c@subsection=\count81
\c@subsubsection=\count82
\c@paragraph=\count83
\c@subparagraph=\count84
\c@figure=\count85
\c@table=\count86
\abovecaptionskip=\skip41
\belowcaptionskip=\skip42
\bibindent=\dimen103
)
("C:\Program Files\MiKTeX 2.9\tex\latex\graphics\graphicx.sty"
Package: graphicx 2014/10/28 v1.0g Enhanced LaTeX Graphics (DPC,SPQR)

("C:\Program Files\MiKTeX 2.9\tex\latex\graphics\keyval.sty"
Package: keyval 2014/10/28 v1.15 key=value parser (DPC)
\KV@toks@=\toks14
)
("C:\Program Files\MiKTeX 2.9\tex\latex\graphics\graphics.sty"
Package: graphics 2016/10/09 v1.0u Standard LaTeX Graphics (DPC,SPQR)

("C:\Program Files\MiKTeX 2.9\tex\latex\graphics\trig.sty"
Package: trig 2016/01/03 v1.10 sin cos tan (DPC)
)
("C:\Program Files\MiKTeX 2.9\tex\latex\graphics-cfg\graphics.cfg"
File: graphics.cfg 2016/06/04 v1.11 sample graphics configuration
)
Package graphics Info: Driver file: pdftex.def on input line 99.

("C:\Program Files\MiKTeX 2.9\tex\latex\graphics-def\pdftex.def"
File: pdftex.def 2017/01/12 v0.06k Graphics/color for pdfTeX

("C:\Program Files\MiKTeX 2.9\tex\generic\oberdiek\infwarerr.sty"
Package: infwarerr 2016/05/16 v1.4 Providing info/warning/error messages (HO)
)
("C:\Program Files\MiKTeX 2.9\tex\generic\oberdiek\ltxcmds.sty"
Package: ltxcmds 2016/05/16 v1.23 LaTeX kernel commands for general use (HO)
)
\Gread@gobject=\count87
))
\Gin@req@height=\dimen104
\Gin@req@width=\dimen105
)
("C:\Program Files\MiKTeX 2.9\tex\latex\psnfss\pifont.sty"
Package: pifont 2005/04/12 PSNFSS-v9.2a Pi font support (SPQR) 
LaTeX Font Info:    Try loading font information for U+pzd on input line 63.

("C:\Program Files\MiKTeX 2.9\tex\latex\psnfss\upzd.fd"
File: upzd.fd 2001/06/04 font definitions for U/pzd.
)
LaTeX Font Info:    Try loading font information for U+psy on input line 64.

("C:\Program Files\MiKTeX 2.9\tex\latex\psnfss\upsy.fd"
File: upsy.fd 2001/06/04 font definitions for U/psy.
))
\c@tnote=\count88
\c@fnote=\count89
\c@cnote=\count90
\c@ead=\count91
\c@author=\count92
\@eadauthor=\toks15
\c@affn=\count93
\absbox=\box26
\keybox=\box27
\Columnwidth=\dimen106
\space@left=\dimen107
\els@boxa=\box28
\els@boxb=\box29
\leftMargin=\dimen108
\@enLab=\toks16
\@sep=\skip43
\@@sep=\skip44

(sample_of_journal_paper.spl)
("C:\Program Files\MiKTeX 2.9\tex\latex\natbib\natbib.sty"
Package: natbib 2010/09/13 8.31b (PWD, AO)
\bibhang=\skip45
\bibsep=\skip46
LaTeX Info: Redefining \cite on input line 694.
\c@NAT@ctr=\count94
)
\splwrite=\write3
\openout3 = `sample_of_journal_paper.spl'.

)
("C:\Program Files\MiKTeX 2.9\tex\latex\psnfss\times.sty"
Package: times 2005/04/12 PSNFSS-v9.2a (SPQR) 
)
("C:\Program Files\MiKTeX 2.9\tex\latex\amsmath\amsmath.sty"
Package: amsmath 2016/11/05 v2.16a AMS math features
\@mathmargin=\skip47

For additional information on amsmath, use the `?' option.
("C:\Program Files\MiKTeX 2.9\tex\latex\amsmath\amstext.sty"
Package: amstext 2000/06/29 v2.01 AMS text

("C:\Program Files\MiKTeX 2.9\tex\latex\amsmath\amsgen.sty"
File: amsgen.sty 1999/11/30 v2.0 generic functions
\@emptytoks=\toks17
\ex@=\dimen109
))
("C:\Program Files\MiKTeX 2.9\tex\latex\amsmath\amsbsy.sty"
Package: amsbsy 1999/11/29 v1.2d Bold Symbols
\pmbraise@=\dimen110
)
("C:\Program Files\MiKTeX 2.9\tex\latex\amsmath\amsopn.sty"
Package: amsopn 2016/03/08 v2.02 operator names
)
\inf@bad=\count95
LaTeX Info: Redefining \frac on input line 213.
\uproot@=\count96
\leftroot@=\count97
LaTeX Info: Redefining \overline on input line 375.
\classnum@=\count98
\DOTSCASE@=\count99
LaTeX Info: Redefining \ldots on input line 472.
LaTeX Info: Redefining \dots on input line 475.
LaTeX Info: Redefining \cdots on input line 596.
\Mathstrutbox@=\box30
\strutbox@=\box31
\big@size=\dimen111
LaTeX Font Info:    Redeclaring font encoding OML on input line 712.
LaTeX Font Info:    Redeclaring font encoding OMS on input line 713.
\macc@depth=\count100
\c@MaxMatrixCols=\count101
\dotsspace@=\muskip10
\c@parentequation=\count102
\dspbrk@lvl=\count103
\tag@help=\toks18
\row@=\count104
\column@=\count105
\maxfields@=\count106
\andhelp@=\toks19
\eqnshift@=\dimen112
\alignsep@=\dimen113
\tagshift@=\dimen114
\tagwidth@=\dimen115
\totwidth@=\dimen116
\lineht@=\dimen117
\@envbody=\toks20
\multlinegap=\skip48
\multlinetaggap=\skip49
\mathdisplay@stack=\toks21
LaTeX Info: Redefining \[ on input line 2817.
LaTeX Info: Redefining \] on input line 2818.
)
("C:\Program Files\MiKTeX 2.9\tex\latex\amsfonts\amssymb.sty"
Package: amssymb 2013/01/14 v3.01 AMS font symbols

("C:\Program Files\MiKTeX 2.9\tex\latex\amsfonts\amsfonts.sty"
Package: amsfonts 2013/01/14 v3.01 Basic AMSFonts support
\symAMSa=\mathgroup4
\symAMSb=\mathgroup5
LaTeX Font Info:    Overwriting math alphabet `\mathfrak' in version `bold'
(Font)                  U/euf/m/n --> U/euf/b/n on input line 106.
))
("C:\Program Files\MiKTeX 2.9\tex\latex\wrapfig\wrapfig.sty"
\wrapoverhang=\dimen118
\WF@size=\dimen119
\c@WF@wrappedlines=\count107
\WF@box=\box32
\WF@everypar=\toks22
Package: wrapfig 2003/01/31  v 3.6
)
("C:\Program Files\MiKTeX 2.9\tex\latex\tools\multicol.sty"
Package: multicol 2016/04/07 v1.8p multicolumn formatting (FMi)
\c@tracingmulticols=\count108
\mult@box=\box33
\multicol@leftmargin=\dimen120
\c@unbalance=\count109
\c@collectmore=\count110
\doublecol@number=\count111
\multicoltolerance=\count112
\multicolpretolerance=\count113
\full@width=\dimen121
\page@free=\dimen122
\premulticols=\dimen123
\postmulticols=\dimen124
\multicolsep=\skip50
\multicolbaselineskip=\skip51
\partial@page=\box34
\last@line=\box35
\maxbalancingoverflow=\dimen125
\mult@rightbox=\box36
\mult@grightbox=\box37
\mult@gfirstbox=\box38
\mult@firstbox=\box39
\@tempa=\box40
\@tempa=\box41
\@tempa=\box42
\@tempa=\box43
\@tempa=\box44
\@tempa=\box45
\@tempa=\box46
\@tempa=\box47
\@tempa=\box48
\@tempa=\box49
\@tempa=\box50
\@tempa=\box51
\@tempa=\box52
\@tempa=\box53
\@tempa=\box54
\@tempa=\box55
\@tempa=\box56
\c@columnbadness=\count114
\c@finalcolumnbadness=\count115
\last@try=\dimen126
\multicolovershoot=\dimen127
\multicolundershoot=\dimen128
\mult@nat@firstbox=\box57
\colbreak@box=\box58
\mc@col@check@num=\count116
)
("C:\Program Files\MiKTeX 2.9\tex\latex\caption\subcaption.sty"
Package: subcaption 2016/05/22 v1.1-161 Sub-captions (AR)

("C:\Program Files\MiKTeX 2.9\tex\latex\caption\caption.sty"
Package: caption 2016/02/21 v3.3-144 Customizing captions (AR)

("C:\Program Files\MiKTeX 2.9\tex\latex\caption\caption3.sty"
Package: caption3 2016/05/22 v1.7-166 caption3 kernel (AR)
Package caption3 Info: TeX engine: e-TeX on input line 67.
\captionmargin=\dimen129
\captionmargin@=\dimen130
\captionwidth=\dimen131
\caption@tempdima=\dimen132
\caption@indent=\dimen133
\caption@parindent=\dimen134
\caption@hangindent=\dimen135
)
\c@ContinuedFloat=\count117
Package caption Info: wrapfig package is loaded.
)
\c@subfigure=\count118
\c@subtable=\count119
)
("C:\Program Files\MiKTeX 2.9\tex\latex\base\fixltx2e.sty"
Package: fixltx2e 2016/12/29 v2.1a fixes to LaTeX (obsolete)
Applying: [2015/01/01] Old fixltx2e package on input line 46.


Package fixltx2e Warning: fixltx2e is not required with releases after 2015
(fixltx2e)                All fixes are now in the LaTeX kernel.
(fixltx2e)                See the latexrelease package for details.

Already applied: [0000/00/00] Old fixltx2e package on input line 53.
) ("C:\Program Files\MiKTeX 2.9\tex\latex\ltxmisc\relsize.sty"
Package: relsize 2003/07/04 ver 3.1
)
("C:\Program Files\MiKTeX 2.9\tex\latex\multirow\multirow.sty"
Package: multirow 2016/11/25 v2.2 Span multiple rows of a table
\multirow@colwidth=\skip52
\multirow@cntb=\count120
\multirow@dima=\skip53
\bigstrutjot=\dimen136
)
("C:\Program Files\MiKTeX 2.9\tex\latex\algorithms\algorithm.sty"
Package: algorithm 2009/08/24 v0.1 Document Style `algorithm' - floating enviro
nment

("C:\Program Files\MiKTeX 2.9\tex\latex\float\float.sty"
Package: float 2001/11/08 v1.3d Float enhancements (AL)
\c@float@type=\count121
\float@exts=\toks23
\float@box=\box59
\@float@everytoks=\toks24
\@floatcapt=\box60
)
("C:\Program Files\MiKTeX 2.9\tex\latex\base\ifthen.sty"
Package: ifthen 2014/09/29 v1.1c Standard LaTeX ifthen package (DPC)
)
\@float@every@algorithm=\toks25
\c@algorithm=\count122
)
("C:\Program Files\MiKTeX 2.9\tex\latex\algorithmicx\algpseudocode.sty"
Package: algpseudocode 

("C:\Program Files\MiKTeX 2.9\tex\latex\algorithmicx\algorithmicx.sty"
Package: algorithmicx 2005/04/27 v1.2 Algorithmicx

Document Style algorithmicx 1.2 - a greatly improved `algorithmic' style
\c@ALG@line=\count123
\c@ALG@rem=\count124
\c@ALG@nested=\count125
\ALG@tlm=\skip54
\ALG@thistlm=\skip55
\c@ALG@Lnr=\count126
\c@ALG@blocknr=\count127
\c@ALG@storecount=\count128
\c@ALG@tmpcounter=\count129
\ALG@tmplength=\skip56
)
Document Style - pseudocode environments for use with the `algorithmicx' style
) ("C:\Program Files\MiKTeX 2.9\tex\latex\url\url.sty"
\Urlmuskip=\muskip11
Package: url 2013/09/16  ver 3.4  Verb mode for urls, etc.
)
("C:\Program Files\MiKTeX 2.9\tex\latex\csquotes\csquotes.sty"
Package: csquotes 2016/12/28 v5.2 context-sensitive quotations (JAW)

("C:\Program Files\MiKTeX 2.9\tex\latex\etoolbox\etoolbox.sty"
Package: etoolbox 2017/01/02 v2.4 e-TeX tools for LaTeX (JAW)
\etb@tempcnta=\count130
)
\csq@reset=\count131
\csq@gtype=\count132
\csq@glevel=\count133
\csq@qlevel=\count134
\csq@maxlvl=\count135
\csq@tshold=\count136
\csq@ltx@everypar=\toks26

("C:\Program Files\MiKTeX 2.9\tex\latex\csquotes\csquotes.def"
File: csquotes.def 2016/12/28 v5.2 csquotes generic definitions (JAW)
)
Package csquotes Info: Trying to load configuration file 'csquotes.cfg'...
Package csquotes Info: ... configuration file loaded successfully.

("C:\Program Files\MiKTeX 2.9\tex\latex\csquotes\csquotes.cfg"
File: csquotes.cfg 
))
Package csquotes Info: Checking for multilingual support...
Package csquotes Info: ... none found.

(sample_of_journal_paper.aux)
\openout1 = `sample_of_journal_paper.aux'.

LaTeX Font Info:    Checking defaults for OML/cmm/m/it on input line 63.
LaTeX Font Info:    ... okay on input line 63.
LaTeX Font Info:    Checking defaults for T1/cmr/m/n on input line 63.
LaTeX Font Info:    ... okay on input line 63.
LaTeX Font Info:    Checking defaults for OT1/cmr/m/n on input line 63.
LaTeX Font Info:    ... okay on input line 63.
LaTeX Font Info:    Checking defaults for OMS/cmsy/m/n on input line 63.
LaTeX Font Info:    ... okay on input line 63.
LaTeX Font Info:    Checking defaults for OMX/cmex/m/n on input line 63.
LaTeX Font Info:    ... okay on input line 63.
LaTeX Font Info:    Checking defaults for U/cmr/m/n on input line 63.
LaTeX Font Info:    ... okay on input line 63.
LaTeX Font Info:    Try loading font information for OT1+ptm on input line 63.

("C:\Program Files\MiKTeX 2.9\tex\latex\psnfss\ot1ptm.fd"
File: ot1ptm.fd 2001/06/04 font definitions for OT1/ptm.
)
("C:\Program Files\MiKTeX 2.9\tex\context\base\supp-pdf.mkii"
[Loading MPS to PDF converter (version 2006.09.02).]
\scratchcounter=\count137
\scratchdimen=\dimen137
\scratchbox=\box61
\nofMPsegments=\count138
\nofMParguments=\count139
\everyMPshowfont=\toks27
\MPscratchCnt=\count140
\MPscratchDim=\dimen138
\MPnumerator=\count141
\makeMPintoPDFobject=\count142
\everyMPtoPDFconversion=\toks28
) ("C:\Program Files\MiKTeX 2.9\tex\generic\oberdiek\pdftexcmds.sty"
Package: pdftexcmds 2016/05/21 v0.22 Utility functions of pdfTeX for LuaTeX (HO
)

("C:\Program Files\MiKTeX 2.9\tex\generic\oberdiek\ifluatex.sty"
Package: ifluatex 2016/05/16 v1.4 Provides the ifluatex switch (HO)
Package ifluatex Info: LuaTeX not detected.
)
("C:\Program Files\MiKTeX 2.9\tex\generic\oberdiek\ifpdf.sty"
Package: ifpdf 2016/05/14 v3.1 Provides the ifpdf switch
)
Package pdftexcmds Info: LuaTeX not detected.
Package pdftexcmds Info: \pdf@primitive is available.
Package pdftexcmds Info: \pdf@ifprimitive is available.
Package pdftexcmds Info: \pdfdraftmode found.
)
("C:\Program Files\MiKTeX 2.9\tex\latex\oberdiek\epstopdf-base.sty"
Package: epstopdf-base 2016/05/15 v2.6 Base part for package epstopdf

("C:\Program Files\MiKTeX 2.9\tex\latex\oberdiek\grfext.sty"
Package: grfext 2016/05/16 v1.2 Manage graphics extensions (HO)

("C:\Program Files\MiKTeX 2.9\tex\generic\oberdiek\kvdefinekeys.sty"
Package: kvdefinekeys 2016/05/16 v1.4 Define keys (HO)
))
("C:\Program Files\MiKTeX 2.9\tex\latex\oberdiek\kvoptions.sty"
Package: kvoptions 2016/05/16 v3.12 Key value format for package options (HO)

("C:\Program Files\MiKTeX 2.9\tex\generic\oberdiek\kvsetkeys.sty"
Package: kvsetkeys 2016/05/16 v1.17 Key value parser (HO)

("C:\Program Files\MiKTeX 2.9\tex\generic\oberdiek\etexcmds.sty"
Package: etexcmds 2016/05/16 v1.6 Avoid name clashes with e-TeX commands (HO)
Package etexcmds Info: Could not find \expanded.
(etexcmds)             That can mean that you are not using pdfTeX 1.50 or
(etexcmds)             that some package has redefined \expanded.
(etexcmds)             In the latter case, load this package earlier.
)))
Package epstopdf-base Info: Redefining graphics rule for `.eps' on input line 4
38.
Package grfext Info: Graphics extension search list:
(grfext)             [.png,.pdf,.jpg,.mps,.jpeg,.jbig2,.jb2,.PNG,.PDF,.JPG,.JPE
G,.JBIG2,.JB2,.eps]
(grfext)             \AppendGraphicsExtensions on input line 456.
)
Package caption Info: Begin \AtBeginDocument code.
Package caption Info: float package is loaded.
Package caption Info: End \AtBeginDocument code.
LaTeX Font Info:    Font shape `OT1/ptm/bx/n' in size <10> not available
(Font)              Font shape `OT1/ptm/b/n' tried instead on input line 86.
LaTeX Font Info:    Try loading font information for U+msa on input line 94.

("C:\Program Files\MiKTeX 2.9\tex\latex\amsfonts\umsa.fd"
File: umsa.fd 2013/01/14 v3.01 AMS symbols A
)
LaTeX Font Info:    Try loading font information for U+msb on input line 94.

("C:\Program Files\MiKTeX 2.9\tex\latex\amsfonts\umsb.fd"
File: umsb.fd 2013/01/14 v3.01 AMS symbols B
)
LaTeX Font Info:    Try loading font information for OT1+pcr on input line 94.

("C:\Program Files\MiKTeX 2.9\tex\latex\psnfss\ot1pcr.fd"
File: ot1pcr.fd 2001/06/04 font definitions for OT1/pcr.
)
Overfull \hbox (17.88766pt too wide) in paragraph at lines 103--104
\OT1/ptm/m/n/10 ref-er-ence taken from the ci-ta-tion you have in-cluded by us-
ing syn-tax $\OMS/cmsy/m/n/10 n\OML/cmm/m/it/10 bibliography\OMS/cmsy/m/n/10 f\
OML/cmm/m/it/10 mybib\OMS/cmsy/m/n/10 g$
 []


Overfull \hbox (94.20985pt too wide) in paragraph at lines 106--107
[]\OT1/ptm/m/n/10 For a mul-ti-ple ci-ta-tion call, you can use $\OMS/cmsy/m/n/
10 n\OML/cmm/m/it/10 cite\OMS/cmsy/m/n/10 f\OML/cmm/m/it/10 nameofref\OT1/cmr/m
/n/10 1\OML/cmm/m/it/10 ; nameofref\OT1/cmr/m/n/10 2\OML/cmm/m/it/10 ; nameofre
f\OT1/cmr/m/n/10 3\OML/cmm/m/it/10 ; nameofref\OT1/cmr/m/n/10 5\OMS/cmsy/m/n/10
 g$
 []


Overfull \hbox (9.23099pt too wide) in paragraph at lines 106--107
\OT1/ptm/m/n/10 meng-gu-nakan syn-tax $\OMS/cmsy/m/n/10 n\OML/cmm/m/it/10 cite\
OMS/cmsy/m/n/10 f\OML/cmm/m/it/10 nameofref\OT1/cmr/m/n/10 1\OML/cmm/m/it/10 ; 
nameofref\OT1/cmr/m/n/10 2\OML/cmm/m/it/10 ; nameofref\OT1/cmr/m/n/10 3\OML/cmm
/m/it/10 ; nameofref\OT1/cmr/m/n/10 5\OMS/cmsy/m/n/10 g$
 []

Package epstopdf Info: Source file: <teximage/github.eps>
(epstopdf)                    date: 2017-02-01 11:06:15
(epstopdf)                    size: 200429 bytes
(epstopdf)             Output file: <teximage/github-eps-converted-to.pdf>
(epstopdf)                    date: 2017-02-01 11:34:01
(epstopdf)                    size: 60043 bytes
(epstopdf)             Command: <epstopdf --outfile=teximage/github-eps-convert
ed-to.pdf teximage/github.eps>
(epstopdf)             \includegraphics on input line 111.
Package epstopdf Info: Output file is already uptodate.
<teximage/github-eps-converted-to.pdf, id=1, 1371.1225pt x 770.88pt>
File: teximage/github-eps-converted-to.pdf Graphic file (type pdf)

<use teximage/github-eps-converted-to.pdf>
Package pdftex.def Info: teximage/github-eps-converted-to.pdf used on input lin
e 111.
(pdftex.def)             Requested size: 165.59853pt x 93.1015pt.
Package epstopdf Info: Source file: <teximage/intro.eps>
(epstopdf)                    date: 2017-02-01 11:06:14
(epstopdf)                    size: 1876066 bytes
(epstopdf)             Output file: <teximage/intro-eps-converted-to.pdf>
(epstopdf)                    date: 2017-02-01 11:34:02
(epstopdf)                    size: 121606 bytes
(epstopdf)             Command: <epstopdf --outfile=teximage/intro-eps-converte
d-to.pdf teximage/intro.eps>
(epstopdf)             \includegraphics on input line 116.
Package epstopdf Info: Output file is already uptodate.

<teximage/intro-eps-converted-to.pdf, id=2, 1371.1225pt x 770.88pt>
File: teximage/intro-eps-converted-to.pdf Graphic file (type pdf)

<use teximage/intro-eps-converted-to.pdf>
Package pdftex.def Info: teximage/intro-eps-converted-to.pdf used on input line
 116.
(pdftex.def)             Requested size: 165.59853pt x 93.1015pt.
 [1


{C:/ProgramData/MiKTeX/2.9/pdftex/config/pdftex.map}]
Package epstopdf Info: Source file: <teximage/intro.eps>
(epstopdf)                    date: 2017-02-01 11:06:14
(epstopdf)                    size: 1876066 bytes
(epstopdf)             Output file: <teximage/intro-eps-converted-to.pdf>
(epstopdf)                    date: 2017-02-01 11:34:02
(epstopdf)                    size: 121606 bytes
(epstopdf)             Command: <epstopdf --outfile=teximage/intro-eps-converte
d-to.pdf teximage/intro.eps>
(epstopdf)             \includegraphics on input line 132.
Package epstopdf Info: Output file is already uptodate.
File: teximage/intro-eps-converted-to.pdf Graphic file (type pdf)
 <use teximage/intro-eps-converted-to.pdf>
Package pdftex.def Info: teximage/intro-eps-converted-to.pdf used on input line
 132.
(pdftex.def)             Requested size: 341.41988pt x 191.95496pt.
 [2 <./teximage/github-eps-converted-to.pdf> <./teximage/intro-eps-converted-to
.pdf>]
LaTeX Font Info:    Try loading font information for OMS+ptm on input line 141.


("C:\Program Files\MiKTeX 2.9\tex\latex\psnfss\omsptm.fd"
File: omsptm.fd 
)
LaTeX Font Info:    Font shape `OMS/ptm/m/n' in size <10> not available
(Font)              Font shape `OMS/cmsy/m/n' tried instead on input line 141.
Missing character: There is no â in font cmr10!
Missing character: There is no € in font cmr10!
Missing character: There is no Ž in font cmr10!
Missing character: There is no â in font cmr10!
Missing character: There is no € in font cmr10!
Missing character: There is no Ž in font cmr10!
Missing character: There is no â in font cmr10!
Missing character: There is no € in font cmr10!
Missing character: There is no Ž in font cmr10!
Missing character: There is no â in font cmr10!
Missing character: There is no € in font cmr10!
Missing character: There is no Ž in font cmr10!
Missing character: There is no â in font ptmr7t!
Missing character: There is no € in font ptmr7t!
Missing character: There is no Ž in font ptmr7t!
 [3]
Missing character: There is no â in font cmr8!
Missing character: There is no € in font cmr8!
Missing character: There is no Ž in font cmr8!
Missing character: There is no â in font cmr12!
Missing character: There is no € in font cmr12!
Missing character: There is no Ž in font cmr12!
Missing character: There is no â in font cmr12!
Missing character: There is no € in font cmr12!
Missing character: There is no Ž in font cmr12!
Missing character: There is no â in font cmr7!
Missing character: There is no € in font cmr7!
Missing character: There is no Ž in font cmr7!
Missing character: There is no â in font cmr12!
Missing character: There is no € in font cmr12!
Missing character: There is no Ž in font cmr12!
Missing character: There is no â in font cmr12!
Missing character: There is no € in font cmr12!
Missing character: There is no Ž in font cmr12!
Missing character: There is no â in font cmr7!
Missing character: There is no € in font cmr7!
Missing character: There is no Ž in font cmr7!
Missing character: There is no â in font cmr12!
Missing character: There is no € in font cmr12!
Missing character: There is no Ž in font cmr12!
Missing character: There is no â in font cmr12!
Missing character: There is no € in font cmr12!
Missing character: There is no Ž in font cmr12!
Missing character: There is no â in font cmr7!
Missing character: There is no € in font cmr7!
Missing character: There is no Ž in font cmr7!
Missing character: There is no â in font cmr12!
Missing character: There is no € in font cmr12!
Missing character: There is no Ž in font cmr12!
Missing character: There is no â in font cmr12!
Missing character: There is no € in font cmr12!
Missing character: There is no Ž in font cmr12!
Missing character: There is no â in font cmr12!
Missing character: There is no € in font cmr12!
Missing character: There is no Ž in font cmr12!
Missing character: There is no â in font cmr12!
Missing character: There is no € in font cmr12!
Missing character: There is no Ž in font cmr12!
Missing character: There is no â in font cmr12!
Missing character: There is no € in font cmr12!
Missing character: There is no Ž in font cmr12!
Missing character: There is no â in font cmr12!
Missing character: There is no € in font cmr12!
Missing character: There is no Ž in font cmr12!
Missing character: There is no â in font cmr12!
Missing character: There is no € in font cmr12!
Missing character: There is no Ž in font cmr12!
Missing character: There is no â in font cmr12!
Missing character: There is no € in font cmr12!
Missing character: There is no Ž in font cmr12!
Missing character: There is no â in font cmr12!
Missing character: There is no € in font cmr12!
Missing character: There is no Ž in font cmr12!
Missing character: There is no â in font cmr12!
Missing character: There is no € in font cmr12!
Missing character: There is no Ž in font cmr12!
Missing character: There is no â in font cmr10!
Missing character: There is no € in font cmr10!
Missing character: There is no Ž in font cmr10!
Missing character: There is no â in font ptmr7t!
Missing character: There is no € in font ptmr7t!
Missing character: There is no Ž in font ptmr7t!
 [4]
Missing character: There is no â in font cmr8!
Missing character: There is no € in font cmr8!
Missing character: There is no Ž in font cmr8!
Missing character: There is no â in font cmr12!
Missing character: There is no € in font cmr12!
Missing character: There is no Ž in font cmr12!
Missing character: There is no â in font cmr12!
Missing character: There is no € in font cmr12!
Missing character: There is no Ž in font cmr12!
Missing character: There is no â in font cmr7!
Missing character: There is no € in font cmr7!
Missing character: There is no Ž in font cmr7!
Missing character: There is no â in font cmr12!
Missing character: There is no € in font cmr12!
Missing character: There is no Ž in font cmr12!
Missing character: There is no â in font cmr12!
Missing character: There is no € in font cmr12!
Missing character: There is no Ž in font cmr12!
Missing character: There is no â in font cmr7!
Missing character: There is no € in font cmr7!
Missing character: There is no Ž in font cmr7!
Missing character: There is no â in font cmr12!
Missing character: There is no € in font cmr12!
Missing character: There is no Ž in font cmr12!
Missing character: There is no â in font cmr12!
Missing character: There is no € in font cmr12!
Missing character: There is no Ž in font cmr12!
Missing character: There is no â in font cmr7!
Missing character: There is no € in font cmr7!
Missing character: There is no Ž in font cmr7!
Missing character: There is no â in font cmr12!
Missing character: There is no € in font cmr12!
Missing character: There is no Ž in font cmr12!
Missing character: There is no â in font cmr12!
Missing character: There is no € in font cmr12!
Missing character: There is no Ž in font cmr12!
 [5]
Package epstopdf Info: Source file: <teximage/get_bib_script_part_1.eps>
(epstopdf)                    date: 2017-02-01 11:03:22
(epstopdf)                    size: 88360 bytes
(epstopdf)             Output file: <teximage/get_bib_script_part_1-eps-convert
ed-to.pdf>
(epstopdf)                    date: 2017-02-01 11:34:04
(epstopdf)                    size: 55895 bytes
(epstopdf)             Command: <epstopdf --outfile=teximage/get_bib_script_par
t_1-eps-converted-to.pdf teximage/get_bib_script_part_1.eps>
(epstopdf)             \includegraphics on input line 293.
Package epstopdf Info: Output file is already uptodate.

<teximage/get_bib_script_part_1-eps-converted-to.pdf, id=40, 1366.10374pt x 701
.62125pt>
File: teximage/get_bib_script_part_1-eps-converted-to.pdf Graphic file (type pd
f)
 <use teximage/get_bib_script_part_1-eps-converted-to.pdf>
Package pdftex.def Info: teximage/get_bib_script_part_1-eps-converted-to.pdf us
ed on input line 293.
(pdftex.def)             Requested size: 341.42087pt x 175.35135pt.
Package epstopdf Info: Source file: <teximage/get_bib_script_part_2.eps>
(epstopdf)                    date: 2017-02-01 11:03:31
(epstopdf)                    size: 238558 bytes
(epstopdf)             Output file: <teximage/get_bib_script_part_2-eps-convert
ed-to.pdf>
(epstopdf)                    date: 2017-02-01 11:34:05
(epstopdf)                    size: 108133 bytes
(epstopdf)             Command: <epstopdf --outfile=teximage/get_bib_script_par
t_2-eps-converted-to.pdf teximage/get_bib_script_part_2.eps>
(epstopdf)             \includegraphics on input line 300.
Package epstopdf Info: Output file is already uptodate.

<teximage/get_bib_script_part_2-eps-converted-to.pdf, id=41, 1344.02126pt x 689
.57625pt>
File: teximage/get_bib_script_part_2-eps-converted-to.pdf Graphic file (type pd
f)
 <use teximage/get_bib_script_part_2-eps-converted-to.pdf>
Package pdftex.def Info: teximage/get_bib_script_part_2-eps-converted-to.pdf us
ed on input line 300.
(pdftex.def)             Requested size: 341.41862pt x 175.17146pt.
 [6 <./teximage/get_bib_script_part_1-eps-converted-to.pdf>]
Package epstopdf Info: Source file: <teximage/get_bib_script_part_3.eps>
(epstopdf)                    date: 2017-02-01 11:03:42
(epstopdf)                    size: 271940 bytes
(epstopdf)             Output file: <teximage/get_bib_script_part_3-eps-convert
ed-to.pdf>
(epstopdf)                    date: 2017-02-01 11:34:06
(epstopdf)                    size: 99182 bytes
(epstopdf)             Command: <epstopdf --outfile=teximage/get_bib_script_par
t_3-eps-converted-to.pdf teximage/get_bib_script_part_3.eps>
(epstopdf)             \includegraphics on input line 307.
Package epstopdf Info: Output file is already uptodate.

<teximage/get_bib_script_part_3-eps-converted-to.pdf, id=48, 1354.05875pt x 691
.58376pt>
File: teximage/get_bib_script_part_3-eps-converted-to.pdf Graphic file (type pd
f)
 <use teximage/get_bib_script_part_3-eps-converted-to.pdf>
Package pdftex.def Info: teximage/get_bib_script_part_3-eps-converted-to.pdf us
ed on input line 307.
(pdftex.def)             Requested size: 341.4271pt x 174.38344pt.
Package epstopdf Info: Source file: <teximage/get_bib_script_part_4.eps>
(epstopdf)                    date: 2017-02-01 11:03:46
(epstopdf)                    size: 69267 bytes
(epstopdf)             Output file: <teximage/get_bib_script_part_4-eps-convert
ed-to.pdf>
(epstopdf)                    date: 2017-02-01 11:34:07
(epstopdf)                    size: 46098 bytes
(epstopdf)             Command: <epstopdf --outfile=teximage/get_bib_script_par
t_4-eps-converted-to.pdf teximage/get_bib_script_part_4.eps>
(epstopdf)             \includegraphics on input line 314.
Package epstopdf Info: Output file is already uptodate.

<teximage/get_bib_script_part_4-eps-converted-to.pdf, id=49, 1356.06625pt x 691
.58376pt>
File: teximage/get_bib_script_part_4-eps-converted-to.pdf Graphic file (type pd
f)
 <use teximage/get_bib_script_part_4-eps-converted-to.pdf>
Package pdftex.def Info: teximage/get_bib_script_part_4-eps-converted-to.pdf us
ed on input line 314.
(pdftex.def)             Requested size: 341.41599pt x 174.11963pt.
 [7 <./teximage/get_bib_script_part_2-eps-converted-to.pdf> <./teximage/get_bib
_script_part_3-eps-converted-to.pdf>] (sample_of_journal_paper.bbl [8 <./texima
ge/get_bib_script_part_4-eps-converted-to.pdf>]) [9] (sample_of_journal_paper.a
ux) ) 
Here is how much of TeX's memory you used:
 6100 strings out of 493333
 87636 string characters out of 3139165
 173113 words of memory out of 3000000
 9473 multiletter control sequences out of 15000+200000
 29944 words of font info for 73 fonts, out of 3000000 for 9000
 1141 hyphenation exceptions out of 8191
 42i,14n,40p,814b,469s stack positions out of 5000i,500n,10000p,200000b,50000s
{C:/Program Files/MiKTeX 2.9/fonts/enc/dvips/base/8r.enc}<C:/Program Files
/MiKTeX 2.9/fonts/type1/public/amsfonts/cm/cmex10.pfb><C:/Program Files/MiKTeX 
2.9/fonts/type1/public/amsfonts/cm/cmmi10.pfb><C:/Program Files/MiKTeX 2.9/font
s/type1/public/amsfonts/cm/cmmi5.pfb><C:/Program Files/MiKTeX 2.9/fonts/type1/p
ublic/amsfonts/cm/cmmi7.pfb><C:/Program Files/MiKTeX 2.9/fonts/type1/public/ams
fonts/cm/cmmi8.pfb><C:/Program Files/MiKTeX 2.9/fonts/type1/public/amsfonts/cm/
cmr10.pfb><C:/Program Files/MiKTeX 2.9/fonts/type1/public/amsfonts/cm/cmr7.pfb>
<C:/Program Files/MiKTeX 2.9/fonts/type1/public/amsfonts/cm/cmr8.pfb><C:/Progra
m Files/MiKTeX 2.9/fonts/type1/public/amsfonts/cm/cmsy10.pfb><C:/Program Files/
MiKTeX 2.9/fonts/type1/public/amsfonts/cm/cmsy6.pfb><C:/Program Files/MiKTeX 2.
9/fonts/type1/public/amsfonts/cm/cmsy7.pfb><C:/Program Files/MiKTeX 2.9/fonts/t
ype1/urw/courier/ucrr8a.pfb><C:/Program Files/MiKTeX 2.9/fonts/type1/urw/times/
utmb8a.pfb><C:/Program Files/MiKTeX 2.9/fonts/type1/urw/times/utmr8a.pfb><C:/Pr
ogram Files/MiKTeX 2.9/fonts/type1/urw/times/utmri8a.pfb>
Output written on sample_of_journal_paper.pdf (9 pages, 665452 bytes).
PDF statistics:
 117 PDF objects out of 1000 (max. 8388607)
 0 named destinations out of 1000 (max. 500000)
 31 words of extra memory for PDF output out of 10000 (max. 10000000)

