This is pdfTeX, Version 3.14159265-2.6-1.40.17 (MiKTeX 2.9.6210 64-bit) (preloaded format=latex 2017.2.1)  1 FEB 2017 13:51
entering extended mode
**./Main_Thesis_Sample.tex
(Main_Thesis_Sample.tex
LaTeX2e <2017/01/01> patch level 1
Babel <3.9r> and hyphenation patterns for 75 language(s) loaded.
("C:\Program Files\MiKTeX 2.9\tex\latex\base\report.cls"
Document Class: report 2014/09/29 v1.4h Standard LaTeX document class
("C:\Program Files\MiKTeX 2.9\tex\latex\base\size12.clo"
File: size12.clo 2014/09/29 v1.4h Standard LaTeX file (size option)
)
\c@part=\count79
\c@chapter=\count80
\c@section=\count81
\c@subsection=\count82
\c@subsubsection=\count83
\c@paragraph=\count84
\c@subparagraph=\count85
\c@figure=\count86
\c@table=\count87
\abovecaptionskip=\skip41
\belowcaptionskip=\skip42
\bibindent=\dimen102
) (thesis.sty
("C:\Program Files\MiKTeX 2.9\tex\latex\graphics\graphicx.sty"
Package: graphicx 2014/10/28 v1.0g Enhanced LaTeX Graphics (DPC,SPQR)

("C:\Program Files\MiKTeX 2.9\tex\latex\graphics\keyval.sty"
Package: keyval 2014/10/28 v1.15 key=value parser (DPC)
\KV@toks@=\toks14
)
("C:\Program Files\MiKTeX 2.9\tex\latex\graphics\graphics.sty"
Package: graphics 2016/10/09 v1.0u Standard LaTeX Graphics (DPC,SPQR)
 ("C:\Program Files\MiKTeX 2.9\tex\latex\graphics\trig.sty"
Package: trig 2016/01/03 v1.10 sin cos tan (DPC)
) ("C:\Program Files\MiKTeX 2.9\tex\latex\graphics-cfg\graphics.cfg"
File: graphics.cfg 2016/06/04 v1.11 sample graphics configuration
)
Package graphics Info: Driver file: dvips.def on input line 99.

("C:\Program Files\MiKTeX 2.9\tex\latex\graphics-def\dvips.def"
File: dvips.def 2016/07/10 v3.1a Driver-dependent file (DPC,SPQR)
))
\Gin@req@height=\dimen103
\Gin@req@width=\dimen104
)
("C:\Program Files\MiKTeX 2.9\tex\latex\base\latexsym.sty"
Package: latexsym 1998/08/17 v2.2e Standard LaTeX package (lasy symbols)
\symlasy=\mathgroup4
LaTeX Font Info:    Overwriting symbol font `lasy' in version `bold'
(Font)                  U/lasy/m/n --> U/lasy/b/n on input line 52.
)
("C:\Program Files\MiKTeX 2.9\tex\latex\subfigure\subfigure.sty"
Package: subfigure 2002/07/30 v2.1.4 subfigure package
\subfigtopskip=\skip43
\subfigcapskip=\skip44
\subfigcaptopadj=\dimen105
\subfigbottomskip=\skip45
\subfigcapmargin=\dimen106
\subfiglabelskip=\skip46
\c@subfigure=\count88
\c@lofdepth=\count89
\c@subtable=\count90
\c@lotdepth=\count91

****************************************
* Local config file subfigure.cfg used *
****************************************
("C:\Program Files\MiKTeX 2.9\tex\latex\subfigure\subfigure.cfg")
\subfig@top=\skip47
\subfig@bottom=\skip48
)
\c@cor=\count92
)
\c@thm=\count93

("C:\Program Files\MiKTeX 2.9\tex\latex\draftwatermark\draftwatermark.sty"
Package: draftwatermark 2015/02/19 1.2 Put a gray textual watermark on document pages

("C:\Program Files\MiKTeX 2.9\tex\latex\everypage\everypage.sty"
Package: everypage 2007/06/20 1.1 Hooks to run on every page
)
("C:\Program Files\MiKTeX 2.9\tex\latex\graphics\color.sty"
Package: color 2016/07/10 v1.1e Standard LaTeX Color (DPC)

("C:\Program Files\MiKTeX 2.9\tex\latex\graphics-cfg\color.cfg"
File: color.cfg 2016/01/02 v1.6 sample color configuration
)
Package color Info: Driver file: dvips.def on input line 147.

("C:\Program Files\MiKTeX 2.9\tex\latex\graphics\dvipsnam.def"
File: dvipsnam.def 2016/06/17 v3.0m Driver-dependent file (DPC,SPQR)
))
\sc@wm@hcenter=\skip49
\sc@wm@vcenter=\skip50
\sc@wm@fontsize=\skip51
)
("C:\Program Files\MiKTeX 2.9\tex\latex\psnfss\times.sty"
Package: times 2005/04/12 PSNFSS-v9.2a (SPQR) 
) ("C:\Program Files\MiKTeX 2.9\tex\latex\amsmath\amsmath.sty"
Package: amsmath 2016/11/05 v2.16a AMS math features
\@mathmargin=\skip52

For additional information on amsmath, use the `?' option.
("C:\Program Files\MiKTeX 2.9\tex\latex\amsmath\amstext.sty"
Package: amstext 2000/06/29 v2.01 AMS text
 ("C:\Program Files\MiKTeX 2.9\tex\latex\amsmath\amsgen.sty"
File: amsgen.sty 1999/11/30 v2.0 generic functions
\@emptytoks=\toks15
\ex@=\dimen107
)) ("C:\Program Files\MiKTeX 2.9\tex\latex\amsmath\amsbsy.sty"
Package: amsbsy 1999/11/29 v1.2d Bold Symbols
\pmbraise@=\dimen108
)
("C:\Program Files\MiKTeX 2.9\tex\latex\amsmath\amsopn.sty"
Package: amsopn 2016/03/08 v2.02 operator names
)
\inf@bad=\count94
LaTeX Info: Redefining \frac on input line 213.
\uproot@=\count95
\leftroot@=\count96
LaTeX Info: Redefining \overline on input line 375.
\classnum@=\count97
\DOTSCASE@=\count98
LaTeX Info: Redefining \ldots on input line 472.
LaTeX Info: Redefining \dots on input line 475.
LaTeX Info: Redefining \cdots on input line 596.
\Mathstrutbox@=\box26
\strutbox@=\box27
\big@size=\dimen109
LaTeX Font Info:    Redeclaring font encoding OML on input line 712.
LaTeX Font Info:    Redeclaring font encoding OMS on input line 713.
\macc@depth=\count99
\c@MaxMatrixCols=\count100
\dotsspace@=\muskip10
\c@parentequation=\count101
\dspbrk@lvl=\count102
\tag@help=\toks16
\row@=\count103
\column@=\count104
\maxfields@=\count105
\andhelp@=\toks17
\eqnshift@=\dimen110
\alignsep@=\dimen111
\tagshift@=\dimen112
\tagwidth@=\dimen113
\totwidth@=\dimen114
\lineht@=\dimen115
\@envbody=\toks18
\multlinegap=\skip53
\multlinetaggap=\skip54
\mathdisplay@stack=\toks19
LaTeX Info: Redefining \[ on input line 2817.
LaTeX Info: Redefining \] on input line 2818.
)
("C:\Program Files\MiKTeX 2.9\tex\latex\amsfonts\amssymb.sty"
Package: amssymb 2013/01/14 v3.01 AMS font symbols

("C:\Program Files\MiKTeX 2.9\tex\latex\amsfonts\amsfonts.sty"
Package: amsfonts 2013/01/14 v3.01 Basic AMSFonts support
\symAMSa=\mathgroup5
\symAMSb=\mathgroup6
LaTeX Font Info:    Overwriting math alphabet `\mathfrak' in version `bold'
(Font)                  U/euf/m/n --> U/euf/b/n on input line 106.
)) ("C:\Program Files\MiKTeX 2.9\tex\latex\url\url.sty"
\Urlmuskip=\muskip11
Package: url 2013/09/16  ver 3.4  Verb mode for urls, etc.
)
("C:\Program Files\MiKTeX 2.9\tex\latex\ltxmisc\relsize.sty"
Package: relsize 2003/07/04 ver 3.1
)
("C:\Program Files\MiKTeX 2.9\tex\latex\algorithms\algorithm.sty"
Package: algorithm 2009/08/24 v0.1 Document Style `algorithm' - floating environment
 ("C:\Program Files\MiKTeX 2.9\tex\latex\float\float.sty"
Package: float 2001/11/08 v1.3d Float enhancements (AL)
\c@float@type=\count106
\float@exts=\toks20
\float@box=\box28
\@float@everytoks=\toks21
\@floatcapt=\box29
) ("C:\Program Files\MiKTeX 2.9\tex\latex\base\ifthen.sty"
Package: ifthen 2014/09/29 v1.1c Standard LaTeX ifthen package (DPC)
)
\@float@every@algorithm=\toks22
\c@algorithm=\count107
)
("C:\Program Files\MiKTeX 2.9\tex\latex\algorithmicx\algpseudocode.sty"
Package: algpseudocode 

("C:\Program Files\MiKTeX 2.9\tex\latex\algorithmicx\algorithmicx.sty"
Package: algorithmicx 2005/04/27 v1.2 Algorithmicx

Document Style algorithmicx 1.2 - a greatly improved `algorithmic' style
\c@ALG@line=\count108
\c@ALG@rem=\count109
\c@ALG@nested=\count110
\ALG@tlm=\skip55
\ALG@thistlm=\skip56
\c@ALG@Lnr=\count111
\c@ALG@blocknr=\count112
\c@ALG@storecount=\count113
\c@ALG@tmpcounter=\count114
\ALG@tmplength=\skip57
)
Document Style - pseudocode environments for use with the `algorithmicx' style
) ("C:\Program Files\MiKTeX 2.9\tex\latex\caption\caption.sty"
Package: caption 2016/02/21 v3.3-144 Customizing captions (AR)

("C:\Program Files\MiKTeX 2.9\tex\latex\caption\caption3.sty"
Package: caption3 2016/05/22 v1.7-166 caption3 kernel (AR)
Package caption3 Info: TeX engine: e-TeX on input line 67.
\captionmargin=\dimen116
\captionmargin@=\dimen117
\captionwidth=\dimen118
\caption@tempdima=\dimen119
\caption@indent=\dimen120
\caption@parindent=\dimen121
\caption@hangindent=\dimen122
)
\c@ContinuedFloat=\count115
Package caption Info: float package is loaded.
Package caption Info: subfigure package is loaded.
) ("C:\Program Files\MiKTeX 2.9\tex\latex\cite\cite.sty"
LaTeX Info: Redefining \cite on input line 302.
LaTeX Info: Redefining \nocite on input line 332.
Package: cite 2015/02/27  v 5.5
)
("C:\Program Files\MiKTeX 2.9\tex\latex\tools\multicol.sty"
Package: multicol 2016/04/07 v1.8p multicolumn formatting (FMi)
\c@tracingmulticols=\count116
\mult@box=\box30
\multicol@leftmargin=\dimen123
\c@unbalance=\count117
\c@collectmore=\count118
\doublecol@number=\count119
\multicoltolerance=\count120
\multicolpretolerance=\count121
\full@width=\dimen124
\page@free=\dimen125
\premulticols=\dimen126
\postmulticols=\dimen127
\multicolsep=\skip58
\multicolbaselineskip=\skip59
\partial@page=\box31
\last@line=\box32
\maxbalancingoverflow=\dimen128
\mult@rightbox=\box33
\mult@grightbox=\box34
\mult@gfirstbox=\box35
\mult@firstbox=\box36
\@tempa=\box37
\@tempa=\box38
\@tempa=\box39
\@tempa=\box40
\@tempa=\box41
\@tempa=\box42
\@tempa=\box43
\@tempa=\box44
\@tempa=\box45
\@tempa=\box46
\@tempa=\box47
\@tempa=\box48
\@tempa=\box49
\@tempa=\box50
\@tempa=\box51
\@tempa=\box52
\@tempa=\box53
\c@columnbadness=\count122
\c@finalcolumnbadness=\count123
\last@try=\dimen129
\multicolovershoot=\dimen130
\multicolundershoot=\dimen131
\mult@nat@firstbox=\box54
\colbreak@box=\box55
\mc@col@check@num=\count124
)
("C:\Program Files\MiKTeX 2.9\tex\latex\multirow\multirow.sty"
Package: multirow 2016/11/25 v2.2 Span multiple rows of a table
\multirow@colwidth=\skip60
\multirow@cntb=\count125
\multirow@dima=\skip61
\bigstrutjot=\dimen132
)
("C:\Program Files\MiKTeX 2.9\tex\latex\csquotes\csquotes.sty"
Package: csquotes 2016/12/28 v5.2 context-sensitive quotations (JAW)

("C:\Program Files\MiKTeX 2.9\tex\latex\etoolbox\etoolbox.sty"
Package: etoolbox 2017/01/02 v2.4 e-TeX tools for LaTeX (JAW)
\etb@tempcnta=\count126
)
\csq@reset=\count127
\csq@gtype=\count128
\csq@glevel=\count129
\csq@qlevel=\count130
\csq@maxlvl=\count131
\csq@tshold=\count132
\csq@ltx@everypar=\toks23

("C:\Program Files\MiKTeX 2.9\tex\latex\csquotes\csquotes.def"
File: csquotes.def 2016/12/28 v5.2 csquotes generic definitions (JAW)
)
Package csquotes Info: Trying to load configuration file 'csquotes.cfg'...
Package csquotes Info: ... configuration file loaded successfully.

("C:\Program Files\MiKTeX 2.9\tex\latex\csquotes\csquotes.cfg"
File: csquotes.cfg 
))
("C:\Program Files\MiKTeX 2.9\tex\latex\wrapfig\wrapfig.sty"
\wrapoverhang=\dimen133
\WF@size=\dimen134
\c@WF@wrappedlines=\count133
\WF@box=\box56
\WF@everypar=\toks24
Package: wrapfig 2003/01/31  v 3.6
)
Package csquotes Info: Checking for multilingual support...
Package csquotes Info: ... none found.
 (Main_Thesis_Sample.aux (1page.aux) (2page.aux) (ack.aux)
(abstract.aux) (contents.aux) (figures.aux) (tables.aux) (chap1.aux) (chap2.aux) (chap3.aux) (chap4.aux) (chap5.aux)
(chap6.aux) (bib.aux))
\openout1 = `Main_Thesis_Sample.aux'.

LaTeX Font Info:    Checking defaults for OML/cmm/m/it on input line 43.
LaTeX Font Info:    ... okay on input line 43.
LaTeX Font Info:    Checking defaults for T1/cmr/m/n on input line 43.
LaTeX Font Info:    ... okay on input line 43.
LaTeX Font Info:    Checking defaults for OT1/cmr/m/n on input line 43.
LaTeX Font Info:    ... okay on input line 43.
LaTeX Font Info:    Checking defaults for OMS/cmsy/m/n on input line 43.
LaTeX Font Info:    ... okay on input line 43.
LaTeX Font Info:    Checking defaults for OMX/cmex/m/n on input line 43.
LaTeX Font Info:    ... okay on input line 43.
LaTeX Font Info:    Checking defaults for U/cmr/m/n on input line 43.
LaTeX Font Info:    ... okay on input line 43.
LaTeX Font Info:    Try loading font information for OT1+ptm on input line 43.
 ("C:\Program Files\MiKTeX 2.9\tex\latex\psnfss\ot1ptm.fd"
File: ot1ptm.fd 2001/06/04 font definitions for OT1/ptm.
)
Package caption Info: Begin \AtBeginDocument code.
Package caption Info: wrapfig package is loaded.
Package caption Info: End \AtBeginDocument code.
\openout2 = `1page.aux'.

 (1page.tex)
\openout2 = `2page.aux'.

 (2page.tex)
\openout2 = `ack.aux'.

 (ack.tex
LaTeX Font Info:    Font shape `OT1/ptm/bx/n' in size <12> not available
(Font)              Font shape `OT1/ptm/b/n' tried instead on input line 3.
LaTeX Font Info:    Font shape `OT1/ptm/bx/n' in size <14.4> not available
(Font)              Font shape `OT1/ptm/b/n' tried instead on input line 3.
)
File: figures/Logo.jpg Graphic file (type eps)

<figures/Logo.jpg> [3






]
\openout2 = `abstract.aux'.

 (abstract.tex)
File: figures/Logo.jpg Graphic file (type eps)
 <figures/Logo.jpg> [4


]
\openout2 = `contents.aux'.

 (contents.tex
LaTeX Font Info:    Font shape `OT1/ptm/bx/n' in size <24.88> not available
(Font)              Font shape `OT1/ptm/b/n' tried instead on input line 2.
 (Main_Thesis_Sample.toc
LaTeX Font Info:    Try loading font information for U+lasy on input line 9.

("C:\Program Files\MiKTeX 2.9\tex\latex\base\ulasy.fd"
File: ulasy.fd 1998/08/17 v2.2e LaTeX symbol font definitions
)
LaTeX Font Info:    Try loading font information for U+msa on input line 9.
 ("C:\Program Files\MiKTeX 2.9\tex\latex\amsfonts\umsa.fd"
File: umsa.fd 2013/01/14 v3.01 AMS symbols A
)
LaTeX Font Info:    Try loading font information for U+msb on input line 9.

("C:\Program Files\MiKTeX 2.9\tex\latex\amsfonts\umsb.fd"
File: umsb.fd 2013/01/14 v3.01 AMS symbols B
)
File: figures/Logo.jpg Graphic file (type eps)
 <figures/Logo.jpg> [5



])
\tf@toc=\write3
\openout3 = `Main_Thesis_Sample.toc'.

)
File: figures/Logo.jpg Graphic file (type eps)
 <figures/Logo.jpg> [6]
\openout2 = `figures.aux'.

 (figures.tex
(Main_Thesis_Sample.lof)
\tf@lof=\write4
\openout4 = `Main_Thesis_Sample.lof'.

)
File: figures/Logo.jpg Graphic file (type eps)
 <figures/Logo.jpg> [7



]
\openout2 = `tables.aux'.

 (tables.tex (Main_Thesis_Sample.lot)
\tf@lot=\write5
\openout5 = `Main_Thesis_Sample.lot'.

)
File: figures/Logo.jpg Graphic file (type eps)
 <figures/Logo.jpg> [8



]
\openout2 = `chap1.aux'.

 (chap1.tex
Chapter 1.
LaTeX Font Info:    Try loading font information for OT1+pcr on input line 13.
("C:\Program Files\MiKTeX 2.9\tex\latex\psnfss\ot1pcr.fd"
File: ot1pcr.fd 2001/06/04 font definitions for OT1/pcr.
)
File: figures/github.eps Graphic file (type eps)
 <figures/github.eps>
File: figures/Logo.jpg Graphic file (type eps)
 <figures/Logo.jpg> [1



]
File: figures/intro.eps Graphic file (type eps)

<figures/intro.eps>
LaTeX Font Info:    Font shape `OT1/ptm/bx/n' in size <17.28> not available
(Font)              Font shape `OT1/ptm/b/n' tried instead on input line 46.
File: figures/Logo.jpg Graphic file (type eps)
 <figures/Logo.jpg> [2]
File: figures/intro.eps Graphic file (type eps)
 <figures/intro.eps>
File: figures/Logo.jpg Graphic file (type eps)
 <figures/Logo.jpg> [3]
LaTeX Font Info:    Try loading font information for OMS+ptm on input line 64.

("C:\Program Files\MiKTeX 2.9\tex\latex\psnfss\omsptm.fd"
File: omsptm.fd 
)
LaTeX Font Info:    Font shape `OMS/ptm/m/n' in size <12> not available
(Font)              Font shape `OMS/cmsy/m/n' tried instead on input line 64.
)
File: figures/Logo.jpg Graphic file (type eps)
 <figures/Logo.jpg> [4]
\openout2 = `chap2.aux'.

 (chap2.tex
Chapter 2.
)
File: figures/Logo.jpg Graphic file (type eps)
 <figures/Logo.jpg> [5



]
\openout2 = `chap3.aux'.

 (chap3.tex
Chapter 3.
Missing character: There is no â in font cmr12!
Missing character: There is no € in font cmr12!
Missing character: There is no Ž in font cmr12!
Missing character: There is no â in font cmr12!
Missing character: There is no € in font cmr12!
Missing character: There is no Ž in font cmr12!
Missing character: There is no â in font cmr12!
Missing character: There is no € in font cmr12!
Missing character: There is no Ž in font cmr12!
Missing character: There is no â in font cmr12!
Missing character: There is no € in font cmr12!
Missing character: There is no Ž in font cmr12!
Missing character: There is no â in font ptmr7t!
Missing character: There is no € in font ptmr7t!
Missing character: There is no Ž in font ptmr7t!
File: figures/Logo.jpg Graphic file (type eps)
<figures/Logo.jpg> [6



]
Missing character: There is no â in font cmr10!
Missing character: There is no € in font cmr10!
Missing character: There is no Ž in font cmr10!
Missing character: There is no â in font cmr17!
Missing character: There is no € in font cmr17!
Missing character: There is no Ž in font cmr17!
Missing character: There is no â in font cmr17!
Missing character: There is no € in font cmr17!
Missing character: There is no Ž in font cmr17!
Missing character: There is no â in font cmr8!
Missing character: There is no € in font cmr8!
Missing character: There is no Ž in font cmr8!
Missing character: There is no â in font cmr12!
Missing character: There is no € in font cmr12!
Missing character: There is no Ž in font cmr12!
Missing character: There is no â in font cmr12!
Missing character: There is no € in font cmr12!
Missing character: There is no Ž in font cmr12!
Missing character: There is no â in font cmr8!
Missing character: There is no € in font cmr8!
Missing character: There is no Ž in font cmr8!
Missing character: There is no â in font cmr12!
Missing character: There is no € in font cmr12!
Missing character: There is no Ž in font cmr12!
Missing character: There is no â in font cmr12!
Missing character: There is no € in font cmr12!
Missing character: There is no Ž in font cmr12!
Missing character: There is no â in font cmr8!
Missing character: There is no € in font cmr8!
Missing character: There is no Ž in font cmr8!
Missing character: There is no â in font cmr12!
Missing character: There is no € in font cmr12!
Missing character: There is no Ž in font cmr12!
Missing character: There is no â in font cmr12!
Missing character: There is no € in font cmr12!
Missing character: There is no Ž in font cmr12!
Missing character: There is no â in font cmr17!
Missing character: There is no € in font cmr17!
Missing character: There is no Ž in font cmr17!
Missing character: There is no â in font cmr17!
Missing character: There is no € in font cmr17!
Missing character: There is no Ž in font cmr17!
Missing character: There is no â in font cmr12!
Missing character: There is no € in font cmr12!
Missing character: There is no Ž in font cmr12!
Missing character: There is no â in font cmr12!
Missing character: There is no € in font cmr12!
Missing character: There is no Ž in font cmr12!
Missing character: There is no â in font cmr12!
Missing character: There is no € in font cmr12!
Missing character: There is no Ž in font cmr12!
Missing character: There is no â in font cmr12!
Missing character: There is no € in font cmr12!
Missing character: There is no Ž in font cmr12!
Missing character: There is no â in font cmr12!
Missing character: There is no € in font cmr12!
Missing character: There is no Ž in font cmr12!
Missing character: There is no â in font cmr12!
Missing character: There is no € in font cmr12!
Missing character: There is no Ž in font cmr12!
Missing character: There is no â in font cmr12!
Missing character: There is no € in font cmr12!
Missing character: There is no Ž in font cmr12!
Missing character: There is no â in font ptmr7t!
Missing character: There is no € in font ptmr7t!
Missing character: There is no Ž in font ptmr7t!
File: figures/Logo.jpg Graphic file (type eps)
 <figures/Logo.jpg> [7]
File: figures/Logo.jpg Graphic file (type eps)
 <figures/Logo.jpg> [8]
Missing character: There is no â in font cmr10!
Missing character: There is no € in font cmr10!
Missing character: There is no Ž in font cmr10!
Missing character: There is no â in font cmr17!
Missing character: There is no € in font cmr17!
Missing character: There is no Ž in font cmr17!
Missing character: There is no â in font cmr17!
Missing character: There is no € in font cmr17!
Missing character: There is no Ž in font cmr17!
Missing character: There is no â in font cmr8!
Missing character: There is no € in font cmr8!
Missing character: There is no Ž in font cmr8!
Missing character: There is no â in font cmr12!
Missing character: There is no € in font cmr12!
Missing character: There is no Ž in font cmr12!
Missing character: There is no â in font cmr12!
Missing character: There is no € in font cmr12!
Missing character: There is no Ž in font cmr12!
Missing character: There is no â in font cmr8!
Missing character: There is no € in font cmr8!
Missing character: There is no Ž in font cmr8!
Missing character: There is no â in font cmr12!
Missing character: There is no € in font cmr12!
Missing character: There is no Ž in font cmr12!
Missing character: There is no â in font cmr12!
Missing character: There is no € in font cmr12!
Missing character: There is no Ž in font cmr12!
Missing character: There is no â in font cmr8!
Missing character: There is no € in font cmr8!
Missing character: There is no Ž in font cmr8!
Missing character: There is no â in font cmr12!
Missing character: There is no € in font cmr12!
Missing character: There is no Ž in font cmr12!
Missing character: There is no â in font cmr12!
Missing character: There is no € in font cmr12!
Missing character: There is no Ž in font cmr12!
File: figures/Logo.jpg Graphic file (type eps)
 <figures/Logo.jpg> [9

]
File: figures/get_bib_script_part_1.eps Graphic file (type eps)

<figures/get_bib_script_part_1.eps>
File: figures/Logo.jpg Graphic file (type eps)
 <figures/Logo.jpg> [10]
File: figures/get_bib_script_part_2.eps Graphic file (type eps)
 <figures/get_bib_script_part_2.eps>
File: figures/get_bib_script_part_3.eps Graphic file (type eps)

<figures/get_bib_script_part_3.eps>
File: figures/Logo.jpg Graphic file (type eps)
 <figures/Logo.jpg> [11]
File: figures/get_bib_script_part_4.eps Graphic file (type eps)
 <figures/get_bib_script_part_4.eps>)
File: figures/Logo.jpg Graphic file (type eps)
 <figures/Logo.jpg>
[12]
\openout2 = `chap4.aux'.

 (chap4.tex)
File: figures/Logo.jpg Graphic file (type eps)
 <figures/Logo.jpg> [13


]
\openout2 = `chap5.aux'.

 (chap5.tex
Chapter 4.
)
File: figures/Logo.jpg Graphic file (type eps)
 <figures/Logo.jpg> [14



]
\openout2 = `chap6.aux'.

 (chap6.tex
Chapter 5.
)
File: figures/Logo.jpg Graphic file (type eps)
 <figures/Logo.jpg> [15



]
\openout2 = `bib.aux'.

 (bib.tex (Main_Thesis_Sample.bbl))
File: figures/Logo.jpg Graphic file (type eps)
 <figures/Logo.jpg> [16



] (Main_Thesis_Sample.aux (1page.aux) (2page.aux) (ack.aux) (abstract.aux) (contents.aux) (figures.aux) (tables.aux) (ch
ap1.aux) (chap2.aux) (chap3.aux)
(chap4.aux) (chap5.aux) (chap6.aux) (bib.aux)) ) 
Here is how much of TeX's memory you used:
 5163 strings out of 493334
 74070 string characters out of 3139191
 149669 words of memory out of 3000000
 8483 multiletter control sequences out of 15000+200000
 21035 words of font info for 75 fonts, out of 3000000 for 9000
 1141 hyphenation exceptions out of 8191
 36i,14n,43p,809b,383s stack positions out of 5000i,500n,10000p,200000b,50000s

Output written on Main_Thesis_Sample.dvi (22 pages, 41100 bytes).
